# JRE version: OpenJDK Runtime Environment (7.0_55-b14) (build 1.7.0_55-b14)
# Java VM: OpenJDK 64-Bit Server VM (24.51-b03 mixed mode linux-amd64 compressed oops)
Heap
 PSYoungGen      total 729088K, used 75385K [0x0000000782900000, 0x00000007dbc80000, 0x0000000800000000)
  eden space 417792K, 0% used [0x0000000782900000,0x0000000782900000,0x000000079c100000)
  from space 311296K, 24% used [0x000000079c100000,0x00000007a0a9e568,0x00000007af100000)
  to   space 421888K, 0% used [0x00000007c2080000,0x00000007c2080000,0x00000007dbc80000)
 ParOldGen       total 827904K, used 827525K [0x0000000687c00000, 0x00000006ba480000, 0x0000000782900000)
  object space 827904K, 99% used [0x0000000687c00000,0x00000006ba4215e8,0x00000006ba480000)
 PSPermGen       total 28672K, used 14966K [0x000000067d600000, 0x000000067f200000, 0x0000000687c00000)
  object space 28672K, 52% used [0x000000067d600000,0x000000067e49d9d0,0x000000067f200000)
GC Heap History (10 events):
Event: 42.981 GC heap after
Heap after GC invocations=7 (full 2):
 PSYoungGen      total 209408K, used 0K [0x0000000782900000, 0x00000007aec00000, 0x0000000800000000)
  eden space 193536K, 0% used [0x0000000782900000,0x0000000782900000,0x000000078e600000)
  from space 15872K, 0% used [0x000000078e600000,0x000000078e600000,0x000000078f580000)
  to   space 200704K, 0% used [0x00000007a2800000,0x00000007a2800000,0x00000007aec00000)
 ParOldGen       total 827904K, used 449590K [0x0000000687c00000, 0x00000006ba480000, 0x0000000782900000)
  object space 827904K, 54% used [0x0000000687c00000,0x00000006a330d888,0x00000006ba480000)
 PSPermGen       total 28672K, used 13413K [0x000000067d600000, 0x000000067f200000, 0x0000000687c00000)
  object space 28672K, 46% used [0x000000067d600000,0x000000067e319570,0x000000067f200000)
}
Event: 43.157 GC heap before
{Heap before GC invocations=8 (full 2):
 PSYoungGen      total 209408K, used 193536K [0x0000000782900000, 0x00000007aec00000, 0x0000000800000000)
  eden space 193536K, 100% used [0x0000000782900000,0x000000078e600000,0x000000078e600000)
  from space 15872K, 0% used [0x000000078e600000,0x000000078e600000,0x000000078f580000)
  to   space 200704K, 0% used [0x00000007a2800000,0x00000007a2800000,0x00000007aec00000)
 ParOldGen       total 827904K, used 449590K [0x0000000687c00000, 0x00000006ba480000, 0x0000000782900000)
  object space 827904K, 54% used [0x0000000687c00000,0x00000006a330d888,0x00000006ba480000)
 PSPermGen       total 28672K, used 13413K [0x000000067d600000, 0x000000067f200000, 0x0000000687c00000)
  object space 28672K, 46% used [0x000000067d600000,0x000000067e3197b0,0x000000067f200000)
Event: 43.224 GC heap after
Heap after GC invocations=8 (full 2):
 PSYoungGen      total 427008K, used 121223K [0x0000000782900000, 0x00000007ab600000, 0x0000000800000000)
  eden space 281600K, 0% used [0x0000000782900000,0x0000000782900000,0x0000000793c00000)
  from space 145408K, 83% used [0x00000007a2800000,0x00000007a9e61c80,0x00000007ab600000)
  to   space 193536K, 0% used [0x0000000793c00000,0x0000000793c00000,0x000000079f900000)
 ParOldGen       total 827904K, used 449590K [0x0000000687c00000, 0x00000006ba480000, 0x0000000782900000)
  object space 827904K, 54% used [0x0000000687c00000,0x00000006a330d888,0x00000006ba480000)
 PSPermGen       total 28672K, used 13413K [0x000000067d600000, 0x000000067f200000, 0x0000000687c00000)
  object space 28672K, 46% used [0x000000067d600000,0x000000067e3197b0,0x000000067f200000)
}
Event: 43.405 GC heap before
{Heap before GC invocations=9 (full 2):
 PSYoungGen      total 427008K, used 402756K [0x0000000782900000, 0x00000007ab600000, 0x0000000800000000)
  eden space 281600K, 99% used [0x0000000782900000,0x0000000793bef3d8,0x0000000793c00000)
  from space 145408K, 83% used [0x00000007a2800000,0x00000007a9e61c80,0x00000007ab600000)
  to   space 193536K, 0% used [0x0000000793c00000,0x0000000793c00000,0x000000079f900000)
 ParOldGen       total 827904K, used 449590K [0x0000000687c00000, 0x00000006ba480000, 0x0000000782900000)
  object space 827904K, 54% used [0x0000000687c00000,0x00000006a330d888,0x00000006ba480000)
 PSPermGen       total 28672K, used 13414K [0x000000067d600000, 0x000000067f200000, 0x0000000687c00000)
  object space 28672K, 46% used [0x000000067d600000,0x000000067e3198f8,0x000000067f200000)
Event: 43.529 GC heap after
Heap after GC invocations=9 (full 2):
 PSYoungGen      total 475136K, used 193513K [0x0000000782900000, 0x00000007be680000, 0x0000000800000000)
  eden space 281600K, 0% used [0x0000000782900000,0x0000000782900000,0x0000000793c00000)
  from space 193536K, 99% used [0x0000000793c00000,0x000000079f8fa440,0x000000079f900000)
  to   space 251392K, 0% used [0x00000007af100000,0x00000007af100000,0x00000007be680000)
 ParOldGen       total 827904K, used 503791K [0x0000000687c00000, 0x00000006ba480000, 0x0000000782900000)
  object space 827904K, 60% used [0x0000000687c00000,0x00000006a67fbd78,0x00000006ba480000)
 PSPermGen       total 28672K, used 13414K [0x000000067d600000, 0x000000067f200000, 0x0000000687c00000)
  object space 28672K, 46% used [0x000000067d600000,0x000000067e3198f8,0x000000067f200000)
}
Event: 43.717 GC heap before
{Heap before GC invocations=10 (full 2):
 PSYoungGen      total 475136K, used 475113K [0x0000000782900000, 0x00000007be680000, 0x0000000800000000)
  eden space 281600K, 100% used [0x0000000782900000,0x0000000793c00000,0x0000000793c00000)
  from space 193536K, 99% used [0x0000000793c00000,0x000000079f8fa440,0x000000079f900000)
  to   space 251392K, 0% used [0x00000007af100000,0x00000007af100000,0x00000007be680000)
 ParOldGen       total 827904K, used 503791K [0x0000000687c00000, 0x00000006ba480000, 0x0000000782900000)
  object space 827904K, 60% used [0x0000000687c00000,0x00000006a67fbd78,0x00000006ba480000)
 PSPermGen       total 28672K, used 13452K [0x000000067d600000, 0x000000067f200000, 0x0000000687c00000)
  object space 28672K, 46% used [0x000000067d600000,0x000000067e323280,0x000000067f200000)
Event: 43.861 GC heap after
Heap after GC invocations=10 (full 2):
 PSYoungGen      total 669184K, used 251373K [0x0000000782900000, 0x00000007c7200000, 0x0000000800000000)
  eden space 417792K, 0% used [0x0000000782900000,0x0000000782900000,0x000000079c100000)
  from space 251392K, 99% used [0x00000007af100000,0x00000007be67b7d0,0x00000007be680000)
  to   space 311296K, 0% used [0x000000079c100000,0x000000079c100000,0x00000007af100000)
 ParOldGen       total 827904K, used 551965K [0x0000000687c00000, 0x00000006ba480000, 0x0000000782900000)
  object space 827904K, 66% used [0x0000000687c00000,0x00000006a97077f0,0x00000006ba480000)
 PSPermGen       total 28672K, used 13452K [0x000000067d600000, 0x000000067f200000, 0x0000000687c00000)
  object space 28672K, 46% used [0x000000067d600000,0x000000067e323280,0x000000067f200000)
}
Event: 45.504 GC heap before
{Heap before GC invocations=11 (full 2):
 PSYoungGen      total 669184K, used 669141K [0x0000000782900000, 0x00000007c7200000, 0x0000000800000000)
  eden space 417792K, 99% used [0x0000000782900000,0x000000079c0f9d98,0x000000079c100000)
  from space 251392K, 99% used [0x00000007af100000,0x00000007be67b7d0,0x00000007be680000)
  to   space 311296K, 0% used [0x000000079c100000,0x000000079c100000,0x00000007af100000)
 ParOldGen       total 827904K, used 551965K [0x0000000687c00000, 0x00000006ba480000, 0x0000000782900000)
  object space 827904K, 66% used [0x0000000687c00000,0x00000006a97077f0,0x00000006ba480000)
 PSPermGen       total 28672K, used 14966K [0x000000067d600000, 0x000000067f200000, 0x0000000687c00000)
  object space 28672K, 52% used [0x000000067d600000,0x000000067e49db90,0x000000067f200000)
Event: 46.265 GC heap after
Heap after GC invocations=11 (full 2):
 PSYoungGen      total 729088K, used 311273K [0x0000000782900000, 0x00000007dbc80000, 0x0000000800000000)
  eden space 417792K, 0% used [0x0000000782900000,0x0000000782900000,0x000000079c100000)
  from space 311296K, 99% used [0x000000079c100000,0x00000007af0fa630,0x00000007af100000)
  to   space 421888K, 0% used [0x00000007c2080000,0x00000007c2080000,0x00000007dbc80000)
 ParOldGen       total 827904K, used 707851K [0x0000000687c00000, 0x00000006ba480000, 0x0000000782900000)
  object space 827904K, 85% used [0x0000000687c00000,0x00000006b2f42e78,0x00000006ba480000)
 PSPermGen       total 28672K, used 14966K [0x000000067d600000, 0x000000067f200000, 0x0000000687c00000)
  object space 28672K, 52% used [0x000000067d600000,0x000000067e49db90,0x000000067f200000)
}
Event: 46.265 GC heap before
{Heap before GC invocations=12 (full 3):
 PSYoungGen      total 729088K, used 311273K [0x0000000782900000, 0x00000007dbc80000, 0x0000000800000000)
  eden space 417792K, 0% used [0x0000000782900000,0x0000000782900000,0x000000079c100000)
  from space 311296K, 99% used [0x000000079c100000,0x00000007af0fa630,0x00000007af100000)
  to   space 421888K, 0% used [0x00000007c2080000,0x00000007c2080000,0x00000007dbc80000)
 ParOldGen       total 827904K, used 707851K [0x0000000687c00000, 0x00000006ba480000, 0x0000000782900000)
  object space 827904K, 85% used [0x0000000687c00000,0x00000006b2f42e78,0x00000006ba480000)
 PSPermGen       total 28672K, used 14966K [0x000000067d600000, 0x000000067f200000, 0x0000000687c00000)
  object space 28672K, 52% used [0x000000067d600000,0x000000067e49db90,0x000000067f200000)

