# JRE version: OpenJDK Runtime Environment (7.0_55-b14) (build 1.7.0_55-b14)
# Java VM: OpenJDK 64-Bit Server VM (24.51-b03 mixed mode linux-amd64 compressed oops)
Heap
 PSYoungGen      total 508928K, used 19030K [0x0000000782900000, 0x00000007a9980000, 0x0000000800000000)
  eden space 378368K, 0% used [0x0000000782900000,0x0000000782900000,0x0000000799a80000)
  from space 130560K, 14% used [0x0000000799a80000,0x000000079ad15ba8,0x00000007a1a00000)
  to   space 129536K, 0% used [0x00000007a1a80000,0x00000007a1a80000,0x00000007a9900000)
 ParOldGen       total 381440K, used 236394K [0x0000000687c00000, 0x000000069f080000, 0x0000000782900000)
  object space 381440K, 61% used [0x0000000687c00000,0x00000006962da898,0x000000069f080000)
 PSPermGen       total 48640K, used 24507K [0x000000067d600000, 0x0000000680580000, 0x0000000687c00000)
  object space 48640K, 50% used [0x000000067d600000,0x000000067edeee78,0x0000000680580000)
GC Heap History (10 events):
Event: 180.919 GC heap after
Heap after GC invocations=3 (full 0):
 PSYoungGen      total 112640K, used 15855K [0x0000000782900000, 0x0000000790500000, 0x0000000800000000)
  eden space 96768K, 0% used [0x0000000782900000,0x0000000782900000,0x0000000788780000)
  from space 15872K, 99% used [0x0000000788780000,0x00000007896fbde0,0x0000000789700000)
  to   space 15872K, 0% used [0x000000078f580000,0x000000078f580000,0x0000000790500000)
 ParOldGen       total 256512K, used 114495K [0x0000000687c00000, 0x0000000697680000, 0x0000000782900000)
  object space 256512K, 44% used [0x0000000687c00000,0x000000068ebcfd00,0x0000000697680000)
 PSPermGen       total 24576K, used 24068K [0x000000067d600000, 0x000000067ee00000, 0x0000000687c00000)
  object space 24576K, 97% used [0x000000067d600000,0x000000067ed811d0,0x000000067ee00000)
}
Event: 181.206 GC heap before
{Heap before GC invocations=4 (full 0):
 PSYoungGen      total 112640K, used 112623K [0x0000000782900000, 0x0000000790500000, 0x0000000800000000)
  eden space 96768K, 100% used [0x0000000782900000,0x0000000788780000,0x0000000788780000)
  from space 15872K, 99% used [0x0000000788780000,0x00000007896fbde0,0x0000000789700000)
  to   space 15872K, 0% used [0x000000078f580000,0x000000078f580000,0x0000000790500000)
 ParOldGen       total 256512K, used 114495K [0x0000000687c00000, 0x0000000697680000, 0x0000000782900000)
  object space 256512K, 44% used [0x0000000687c00000,0x000000068ebcfd00,0x0000000697680000)
 PSPermGen       total 24576K, used 24081K [0x000000067d600000, 0x000000067ee00000, 0x0000000687c00000)
  object space 24576K, 97% used [0x000000067d600000,0x000000067ed84538,0x000000067ee00000)
Event: 181.261 GC heap after
Heap after GC invocations=4 (full 0):
 PSYoungGen      total 209408K, used 15859K [0x0000000782900000, 0x0000000790500000, 0x0000000800000000)
  eden space 193536K, 0% used [0x0000000782900000,0x0000000782900000,0x000000078e600000)
  from space 15872K, 99% used [0x000000078f580000,0x00000007904fcf90,0x0000000790500000)
  to   space 15872K, 0% used [0x000000078e600000,0x000000078e600000,0x000000078f580000)
 ParOldGen       total 256512K, used 181522K [0x0000000687c00000, 0x0000000697680000, 0x0000000782900000)
  object space 256512K, 70% used [0x0000000687c00000,0x0000000692d44950,0x0000000697680000)
 PSPermGen       total 24576K, used 24081K [0x000000067d600000, 0x000000067ee00000, 0x0000000687c00000)
  object space 24576K, 97% used [0x000000067d600000,0x000000067ed84538,0x000000067ee00000)
}
Event: 181.261 GC heap before
{Heap before GC invocations=5 (full 1):
 PSYoungGen      total 209408K, used 15859K [0x0000000782900000, 0x0000000790500000, 0x0000000800000000)
  eden space 193536K, 0% used [0x0000000782900000,0x0000000782900000,0x000000078e600000)
  from space 15872K, 99% used [0x000000078f580000,0x00000007904fcf90,0x0000000790500000)
  to   space 15872K, 0% used [0x000000078e600000,0x000000078e600000,0x000000078f580000)
 ParOldGen       total 256512K, used 181522K [0x0000000687c00000, 0x0000000697680000, 0x0000000782900000)
  object space 256512K, 70% used [0x0000000687c00000,0x0000000692d44950,0x0000000697680000)
 PSPermGen       total 24576K, used 24081K [0x000000067d600000, 0x000000067ee00000, 0x0000000687c00000)
  object space 24576K, 97% used [0x000000067d600000,0x000000067ed84538,0x000000067ee00000)
Event: 181.685 GC heap after
Heap after GC invocations=5 (full 1):
 PSYoungGen      total 209408K, used 0K [0x0000000782900000, 0x0000000790500000, 0x0000000800000000)
  eden space 193536K, 0% used [0x0000000782900000,0x0000000782900000,0x000000078e600000)
  from space 15872K, 0% used [0x000000078f580000,0x000000078f580000,0x0000000790500000)
  to   space 15872K, 0% used [0x000000078e600000,0x000000078e600000,0x000000078f580000)
 ParOldGen       total 381440K, used 170562K [0x0000000687c00000, 0x000000069f080000, 0x0000000782900000)
  object space 381440K, 44% used [0x0000000687c00000,0x00000006922909b0,0x000000069f080000)
 PSPermGen       total 48640K, used 24071K [0x000000067d600000, 0x0000000680580000, 0x0000000687c00000)
  object space 48640K, 49% used [0x000000067d600000,0x000000067ed81d38,0x0000000680580000)
}
Event: 182.184 GC heap before
{Heap before GC invocations=6 (full 1):
 PSYoungGen      total 209408K, used 193536K [0x0000000782900000, 0x0000000790500000, 0x0000000800000000)
  eden space 193536K, 100% used [0x0000000782900000,0x000000078e600000,0x000000078e600000)
  from space 15872K, 0% used [0x000000078f580000,0x000000078f580000,0x0000000790500000)
  to   space 15872K, 0% used [0x000000078e600000,0x000000078e600000,0x000000078f580000)
 ParOldGen       total 381440K, used 170562K [0x0000000687c00000, 0x000000069f080000, 0x0000000782900000)
  object space 381440K, 44% used [0x0000000687c00000,0x00000006922909b0,0x000000069f080000)
 PSPermGen       total 48640K, used 24360K [0x000000067d600000, 0x0000000680580000, 0x0000000687c00000)
  object space 48640K, 50% used [0x000000067d600000,0x000000067edca340,0x0000000680580000)
Event: 182.252 GC heap after
Heap after GC invocations=6 (full 1):
 PSYoungGen      total 209408K, used 15872K [0x0000000782900000, 0x00000007a9900000, 0x0000000800000000)
  eden space 193536K, 0% used [0x0000000782900000,0x0000000782900000,0x000000078e600000)
  from space 15872K, 100% used [0x000000078e600000,0x000000078f580000,0x000000078f580000)
  to   space 129536K, 0% used [0x00000007a1a80000,0x00000007a1a80000,0x00000007a9900000)
 ParOldGen       total 381440K, used 236394K [0x0000000687c00000, 0x000000069f080000, 0x0000000782900000)
  object space 381440K, 61% used [0x0000000687c00000,0x00000006962da898,0x000000069f080000)
 PSPermGen       total 48640K, used 24360K [0x000000067d600000, 0x0000000680580000, 0x0000000687c00000)
  object space 48640K, 50% used [0x000000067d600000,0x000000067edca340,0x0000000680580000)
}
Event: 183.264 GC heap before
{Heap before GC invocations=7 (full 1):
 PSYoungGen      total 209408K, used 209408K [0x0000000782900000, 0x00000007a9900000, 0x0000000800000000)
  eden space 193536K, 100% used [0x0000000782900000,0x000000078e600000,0x000000078e600000)
  from space 15872K, 100% used [0x000000078e600000,0x000000078f580000,0x000000078f580000)
  to   space 129536K, 0% used [0x00000007a1a80000,0x00000007a1a80000,0x00000007a9900000)
 ParOldGen       total 381440K, used 236394K [0x0000000687c00000, 0x000000069f080000, 0x0000000782900000)
  object space 381440K, 61% used [0x0000000687c00000,0x00000006962da898,0x000000069f080000)
 PSPermGen       total 48640K, used 24483K [0x000000067d600000, 0x0000000680580000, 0x0000000687c00000)
  object space 48640K, 50% used [0x000000067d600000,0x000000067ede8e48,0x0000000680580000)
Event: 183.283 GC heap after
Heap after GC invocations=7 (full 1):
 PSYoungGen      total 507904K, used 17184K [0x0000000782900000, 0x00000007a9980000, 0x0000000800000000)
  eden space 378368K, 0% used [0x0000000782900000,0x0000000782900000,0x0000000799a80000)
  from space 129536K, 13% used [0x00000007a1a80000,0x00000007a2b48000,0x00000007a9900000)
  to   space 130560K, 0% used [0x0000000799a80000,0x0000000799a80000,0x00000007a1a00000)
 ParOldGen       total 381440K, used 236394K [0x0000000687c00000, 0x000000069f080000, 0x0000000782900000)
  object space 381440K, 61% used [0x0000000687c00000,0x00000006962da898,0x000000069f080000)
 PSPermGen       total 48640K, used 24483K [0x000000067d600000, 0x0000000680580000, 0x0000000687c00000)
  object space 48640K, 50% used [0x000000067d600000,0x000000067ede8e48,0x0000000680580000)
}
Event: 189.281 GC heap before
{Heap before GC invocations=8 (full 1):
 PSYoungGen      total 507904K, used 395552K [0x0000000782900000, 0x00000007a9980000, 0x0000000800000000)
  eden space 378368K, 100% used [0x0000000782900000,0x0000000799a80000,0x0000000799a80000)
  from space 129536K, 13% used [0x00000007a1a80000,0x00000007a2b48000,0x00000007a9900000)
  to   space 130560K, 0% used [0x0000000799a80000,0x0000000799a80000,0x00000007a1a00000)
 ParOldGen       total 381440K, used 236394K [0x0000000687c00000, 0x000000069f080000, 0x0000000782900000)
  object space 381440K, 61% used [0x0000000687c00000,0x00000006962da898,0x000000069f080000)
 PSPermGen       total 48640K, used 24507K [0x000000067d600000, 0x0000000680580000, 0x0000000687c00000)
  object space 48640K, 50% used [0x000000067d600000,0x000000067edeee78,0x0000000680580000)

