# JRE version: OpenJDK Runtime Environment (7.0_55-b14) (build 1.7.0_55-b14)
# Java VM: OpenJDK 64-Bit Server VM (24.51-b03 mixed mode linux-amd64 compressed oops)
Heap
 PSYoungGen      total 189440K, used 15840K [0x0000000782900000, 0x0000000790500000, 0x0000000800000000)
  eden space 173568K, 0% used [0x0000000782900000,0x0000000782900000,0x000000078d280000)
  from space 15872K, 99% used [0x000000078e600000,0x000000078f5780f0,0x000000078f580000)
  to   space 15872K, 0% used [0x000000078f580000,0x000000078f580000,0x0000000790500000)
 ParOldGen       total 470016K, used 430164K [0x0000000687c00000, 0x00000006a4700000, 0x0000000782900000)
  object space 470016K, 91% used [0x0000000687c00000,0x00000006a20151c8,0x00000006a4700000)
 PSPermGen       total 25088K, used 13400K [0x000000067d600000, 0x000000067ee80000, 0x0000000687c00000)
  object space 25088K, 53% used [0x000000067d600000,0x000000067e316068,0x000000067ee80000)
GC Heap History (10 events):
Event: 18.327 GC heap after
Heap after GC invocations=1 (full 0):
 PSYoungGen      total 112640K, used 15847K [0x0000000782900000, 0x000000078a680000, 0x0000000800000000)
  eden space 96768K, 0% used [0x0000000782900000,0x0000000782900000,0x0000000788780000)
  from space 15872K, 99% used [0x0000000788780000,0x00000007896f9d50,0x0000000789700000)
  to   space 15872K, 0% used [0x0000000789700000,0x0000000789700000,0x000000078a680000)
 ParOldGen       total 256512K, used 9316K [0x0000000687c00000, 0x0000000697680000, 0x0000000782900000)
  object space 256512K, 3% used [0x0000000687c00000,0x00000006885190f0,0x0000000697680000)
 PSPermGen       total 21504K, used 12345K [0x000000067d600000, 0x000000067eb00000, 0x0000000687c00000)
  object space 21504K, 57% used [0x000000067d600000,0x000000067e20e770,0x000000067eb00000)
}
Event: 18.829 GC heap before
{Heap before GC invocations=2 (full 0):
 PSYoungGen      total 112640K, used 112615K [0x0000000782900000, 0x000000078a680000, 0x0000000800000000)
  eden space 96768K, 100% used [0x0000000782900000,0x0000000788780000,0x0000000788780000)
  from space 15872K, 99% used [0x0000000788780000,0x00000007896f9d50,0x0000000789700000)
  to   space 15872K, 0% used [0x0000000789700000,0x0000000789700000,0x000000078a680000)
 ParOldGen       total 256512K, used 9316K [0x0000000687c00000, 0x0000000697680000, 0x0000000782900000)
  object space 256512K, 3% used [0x0000000687c00000,0x00000006885190f0,0x0000000697680000)
 PSPermGen       total 21504K, used 12350K [0x000000067d600000, 0x000000067eb00000, 0x0000000687c00000)
  object space 21504K, 57% used [0x000000067d600000,0x000000067e20fb30,0x000000067eb00000)
Event: 18.869 GC heap after
Heap after GC invocations=2 (full 0):
 PSYoungGen      total 112640K, used 15863K [0x0000000782900000, 0x0000000790500000, 0x0000000800000000)
  eden space 96768K, 0% used [0x0000000782900000,0x0000000782900000,0x0000000788780000)
  from space 15872K, 99% used [0x0000000789700000,0x000000078a67dd40,0x000000078a680000)
  to   space 15872K, 0% used [0x0000000788780000,0x0000000788780000,0x0000000789700000)
 ParOldGen       total 256512K, used 107684K [0x0000000687c00000, 0x0000000697680000, 0x0000000782900000)
  object space 256512K, 41% used [0x0000000687c00000,0x000000068e529180,0x0000000697680000)
 PSPermGen       total 21504K, used 12350K [0x000000067d600000, 0x000000067eb00000, 0x0000000687c00000)
  object space 21504K, 57% used [0x000000067d600000,0x000000067e20fb30,0x000000067eb00000)
}
Event: 19.377 GC heap before
{Heap before GC invocations=3 (full 0):
 PSYoungGen      total 112640K, used 112631K [0x0000000782900000, 0x0000000790500000, 0x0000000800000000)
  eden space 96768K, 100% used [0x0000000782900000,0x0000000788780000,0x0000000788780000)
  from space 15872K, 99% used [0x0000000789700000,0x000000078a67dd40,0x000000078a680000)
  to   space 15872K, 0% used [0x0000000788780000,0x0000000788780000,0x0000000789700000)
 ParOldGen       total 256512K, used 107684K [0x0000000687c00000, 0x0000000697680000, 0x0000000782900000)
  object space 256512K, 41% used [0x0000000687c00000,0x000000068e529180,0x0000000697680000)
 PSPermGen       total 21504K, used 12355K [0x000000067d600000, 0x000000067eb00000, 0x0000000687c00000)
  object space 21504K, 57% used [0x000000067d600000,0x000000067e210d08,0x000000067eb00000)
Event: 19.417 GC heap after
Heap after GC invocations=3 (full 0):
 PSYoungGen      total 112640K, used 15847K [0x0000000782900000, 0x0000000790500000, 0x0000000800000000)
  eden space 96768K, 0% used [0x0000000782900000,0x0000000782900000,0x0000000788780000)
  from space 15872K, 99% used [0x0000000788780000,0x00000007896f9d80,0x0000000789700000)
  to   space 15872K, 0% used [0x000000078f580000,0x000000078f580000,0x0000000790500000)
 ParOldGen       total 256512K, used 207035K [0x0000000687c00000, 0x0000000697680000, 0x0000000782900000)
  object space 256512K, 80% used [0x0000000687c00000,0x000000069462ef10,0x0000000697680000)
 PSPermGen       total 21504K, used 12355K [0x000000067d600000, 0x000000067eb00000, 0x0000000687c00000)
  object space 21504K, 57% used [0x000000067d600000,0x000000067e210d08,0x000000067eb00000)
}
Event: 19.417 GC heap before
{Heap before GC invocations=4 (full 1):
 PSYoungGen      total 112640K, used 15847K [0x0000000782900000, 0x0000000790500000, 0x0000000800000000)
  eden space 96768K, 0% used [0x0000000782900000,0x0000000782900000,0x0000000788780000)
  from space 15872K, 99% used [0x0000000788780000,0x00000007896f9d80,0x0000000789700000)
  to   space 15872K, 0% used [0x000000078f580000,0x000000078f580000,0x0000000790500000)
 ParOldGen       total 256512K, used 207035K [0x0000000687c00000, 0x0000000697680000, 0x0000000782900000)
  object space 256512K, 80% used [0x0000000687c00000,0x000000069462ef10,0x0000000697680000)
 PSPermGen       total 21504K, used 12355K [0x000000067d600000, 0x000000067eb00000, 0x0000000687c00000)
  object space 21504K, 57% used [0x000000067d600000,0x000000067e210d08,0x000000067eb00000)
Event: 19.646 GC heap after
Heap after GC invocations=4 (full 1):
 PSYoungGen      total 112640K, used 0K [0x0000000782900000, 0x0000000790500000, 0x0000000800000000)
  eden space 96768K, 0% used [0x0000000782900000,0x0000000782900000,0x0000000788780000)
  from space 15872K, 0% used [0x0000000788780000,0x0000000788780000,0x0000000789700000)
  to   space 15872K, 0% used [0x000000078f580000,0x000000078f580000,0x0000000790500000)
 ParOldGen       total 470016K, used 209305K [0x0000000687c00000, 0x00000006a4700000, 0x0000000782900000)
  object space 470016K, 44% used [0x0000000687c00000,0x0000000694866590,0x00000006a4700000)
 PSPermGen       total 25088K, used 12325K [0x000000067d600000, 0x000000067ee80000, 0x0000000687c00000)
  object space 25088K, 49% used [0x000000067d600000,0x000000067e209510,0x000000067ee80000)
}
Event: 20.207 GC heap before
{Heap before GC invocations=5 (full 1):
 PSYoungGen      total 112640K, used 96768K [0x0000000782900000, 0x0000000790500000, 0x0000000800000000)
  eden space 96768K, 100% used [0x0000000782900000,0x0000000788780000,0x0000000788780000)
  from space 15872K, 0% used [0x0000000788780000,0x0000000788780000,0x0000000789700000)
  to   space 15872K, 0% used [0x000000078f580000,0x000000078f580000,0x0000000790500000)
 ParOldGen       total 470016K, used 209305K [0x0000000687c00000, 0x00000006a4700000, 0x0000000782900000)
  object space 470016K, 44% used [0x0000000687c00000,0x0000000694866590,0x00000006a4700000)
 PSPermGen       total 25088K, used 12416K [0x000000067d600000, 0x000000067ee80000, 0x0000000687c00000)
  object space 25088K, 49% used [0x000000067d600000,0x000000067e2202b0,0x000000067ee80000)
Event: 20.244 GC heap after
Heap after GC invocations=5 (full 1):
 PSYoungGen      total 189440K, used 15840K [0x0000000782900000, 0x0000000790500000, 0x0000000800000000)
  eden space 173568K, 0% used [0x0000000782900000,0x0000000782900000,0x000000078d280000)
  from space 15872K, 99% used [0x000000078f580000,0x00000007904f8090,0x0000000790500000)
  to   space 15872K, 0% used [0x000000078e600000,0x000000078e600000,0x000000078f580000)
 ParOldGen       total 470016K, used 292110K [0x0000000687c00000, 0x00000006a4700000, 0x0000000782900000)
  object space 470016K, 62% used [0x0000000687c00000,0x0000000699943880,0x00000006a4700000)
 PSPermGen       total 25088K, used 12416K [0x000000067d600000, 0x000000067ee80000, 0x0000000687c00000)
  object space 25088K, 49% used [0x000000067d600000,0x000000067e2202b0,0x000000067ee80000)
}
Event: 20.851 GC heap before
{Heap before GC invocations=6 (full 1):
 PSYoungGen      total 189440K, used 189408K [0x0000000782900000, 0x0000000790500000, 0x0000000800000000)
  eden space 173568K, 100% used [0x0000000782900000,0x000000078d280000,0x000000078d280000)
  from space 15872K, 99% used [0x000000078f580000,0x00000007904f8090,0x0000000790500000)
  to   space 15872K, 0% used [0x000000078e600000,0x000000078e600000,0x000000078f580000)
 ParOldGen       total 470016K, used 292110K [0x0000000687c00000, 0x00000006a4700000, 0x0000000782900000)
  object space 470016K, 62% used [0x0000000687c00000,0x0000000699943880,0x00000006a4700000)
 PSPermGen       total 25088K, used 13400K [0x000000067d600000, 0x000000067ee80000, 0x0000000687c00000)
  object space 25088K, 53% used [0x000000067d600000,0x000000067e316068,0x000000067ee80000)

