# JRE version: OpenJDK Runtime Environment (7.0_55-b14) (build 1.7.0_55-b14)
# Java VM: OpenJDK 64-Bit Server VM (24.51-b03 mixed mode linux-amd64 compressed oops)
Heap
 PSYoungGen      total 844800K, used 0K [0x0000000782900000, 0x00000007d9800000, 0x0000000800000000)
  eden space 435712K, 0% used [0x0000000782900000,0x0000000782900000,0x000000079d280000)
  from space 409088K, 0% used [0x000000079d280000,0x000000079d280000,0x00000007b6200000)
  to   space 403456K, 0% used [0x00000007c0e00000,0x00000007c0e00000,0x00000007d9800000)
 ParOldGen       total 860160K, used 816167K [0x0000000687c00000, 0x00000006bc400000, 0x0000000782900000)
  object space 860160K, 94% used [0x0000000687c00000,0x00000006b9909eb8,0x00000006bc400000)
 PSPermGen       total 28672K, used 21844K [0x000000067d600000, 0x000000067f200000, 0x0000000687c00000)
  object space 28672K, 76% used [0x000000067d600000,0x000000067eb550a0,0x000000067f200000)
GC Heap History (10 events):
Event: 10.318 GC heap after
Heap after GC invocations=9 (full 2):
 PSYoungGen      total 448512K, used 193513K [0x0000000782900000, 0x00000007ba400000, 0x0000000800000000)
  eden space 254976K, 0% used [0x0000000782900000,0x0000000782900000,0x0000000792200000)
  from space 193536K, 99% used [0x0000000792200000,0x000000079defa6f8,0x000000079df00000)
  to   space 261632K, 0% used [0x00000007aa480000,0x00000007aa480000,0x00000007ba400000)
 ParOldGen       total 832512K, used 506171K [0x0000000687c00000, 0x00000006ba900000, 0x0000000782900000)
  object space 832512K, 60% used [0x0000000687c00000,0x00000006a6a4ef18,0x00000006ba900000)
 PSPermGen       total 28672K, used 13400K [0x000000067d600000, 0x000000067f200000, 0x0000000687c00000)
  object space 28672K, 46% used [0x000000067d600000,0x000000067e3161d0,0x000000067f200000)
}
Event: 10.415 GC heap before
{Heap before GC invocations=10 (full 2):
 PSYoungGen      total 448512K, used 448370K [0x0000000782900000, 0x00000007ba400000, 0x0000000800000000)
  eden space 254976K, 99% used [0x0000000782900000,0x00000007921e22f8,0x0000000792200000)
  from space 193536K, 99% used [0x0000000792200000,0x000000079defa6f8,0x000000079df00000)
  to   space 261632K, 0% used [0x00000007aa480000,0x00000007aa480000,0x00000007ba400000)
 ParOldGen       total 832512K, used 506171K [0x0000000687c00000, 0x00000006ba900000, 0x0000000782900000)
  object space 832512K, 60% used [0x0000000687c00000,0x00000006a6a4ef18,0x00000006ba900000)
 PSPermGen       total 28672K, used 13400K [0x000000067d600000, 0x000000067f200000, 0x0000000687c00000)
  object space 28672K, 46% used [0x000000067d600000,0x000000067e3161d0,0x000000067f200000)
Event: 10.538 GC heap after
Heap after GC invocations=10 (full 2):
 PSYoungGen      total 589824K, used 261629K [0x0000000782900000, 0x00000007c3a80000, 0x0000000800000000)
  eden space 328192K, 0% used [0x0000000782900000,0x0000000782900000,0x0000000796980000)
  from space 261632K, 99% used [0x00000007aa480000,0x00000007ba3ff4a0,0x00000007ba400000)
  to   space 322560K, 0% used [0x0000000796980000,0x0000000796980000,0x00000007aa480000)
 ParOldGen       total 832512K, used 549910K [0x0000000687c00000, 0x00000006ba900000, 0x0000000782900000)
  object space 832512K, 66% used [0x0000000687c00000,0x00000006a9505a08,0x00000006ba900000)
 PSPermGen       total 28672K, used 13400K [0x000000067d600000, 0x000000067f200000, 0x0000000687c00000)
  object space 28672K, 46% used [0x000000067d600000,0x000000067e3161d0,0x000000067f200000)
}
Event: 11.979 GC heap before
{Heap before GC invocations=11 (full 2):
 PSYoungGen      total 589824K, used 589821K [0x0000000782900000, 0x00000007c3a80000, 0x0000000800000000)
  eden space 328192K, 100% used [0x0000000782900000,0x0000000796980000,0x0000000796980000)
  from space 261632K, 99% used [0x00000007aa480000,0x00000007ba3ff4a0,0x00000007ba400000)
  to   space 322560K, 0% used [0x0000000796980000,0x0000000796980000,0x00000007aa480000)
 ParOldGen       total 832512K, used 549910K [0x0000000687c00000, 0x00000006ba900000, 0x0000000782900000)
  object space 832512K, 66% used [0x0000000687c00000,0x00000006a9505a08,0x00000006ba900000)
 PSPermGen       total 28672K, used 15346K [0x000000067d600000, 0x000000067f200000, 0x0000000687c00000)
  object space 28672K, 53% used [0x000000067d600000,0x000000067e4fcad8,0x000000067f200000)
Event: 12.127 GC heap after
Heap after GC invocations=11 (full 2):
 PSYoungGen      total 650752K, used 322532K [0x0000000782900000, 0x00000007ce480000, 0x0000000800000000)
  eden space 328192K, 0% used [0x0000000782900000,0x0000000782900000,0x0000000796980000)
  from space 322560K, 99% used [0x0000000796980000,0x00000007aa479040,0x00000007aa480000)
  to   space 395776K, 0% used [0x00000007b6200000,0x00000007b6200000,0x00000007ce480000)
 ParOldGen       total 832512K, used 606716K [0x0000000687c00000, 0x00000006ba900000, 0x0000000782900000)
  object space 832512K, 72% used [0x0000000687c00000,0x00000006acc7f020,0x00000006ba900000)
 PSPermGen       total 28672K, used 15346K [0x000000067d600000, 0x000000067f200000, 0x0000000687c00000)
  object space 28672K, 53% used [0x000000067d600000,0x000000067e4fcad8,0x000000067f200000)
}
Event: 13.569 GC heap before
{Heap before GC invocations=12 (full 2):
 PSYoungGen      total 650752K, used 650724K [0x0000000782900000, 0x00000007ce480000, 0x0000000800000000)
  eden space 328192K, 100% used [0x0000000782900000,0x0000000796980000,0x0000000796980000)
  from space 322560K, 99% used [0x0000000796980000,0x00000007aa479040,0x00000007aa480000)
  to   space 395776K, 0% used [0x00000007b6200000,0x00000007b6200000,0x00000007ce480000)
 ParOldGen       total 832512K, used 606716K [0x0000000687c00000, 0x00000006ba900000, 0x0000000782900000)
  object space 832512K, 72% used [0x0000000687c00000,0x00000006acc7f020,0x00000006ba900000)
 PSPermGen       total 28672K, used 21785K [0x000000067d600000, 0x000000067f200000, 0x0000000687c00000)
  object space 28672K, 75% used [0x000000067d600000,0x000000067eb465c0,0x000000067f200000)
Event: 13.728 GC heap after
Heap after GC invocations=12 (full 2):
 PSYoungGen      total 831488K, used 272306K [0x0000000782900000, 0x00000007cf800000, 0x0000000800000000)
  eden space 435712K, 0% used [0x0000000782900000,0x0000000782900000,0x000000079d280000)
  from space 395776K, 68% used [0x00000007b6200000,0x00000007c6becb00,0x00000007ce480000)
  to   space 409088K, 0% used [0x000000079d280000,0x000000079d280000,0x00000007b6200000)
 ParOldGen       total 832512K, used 665716K [0x0000000687c00000, 0x00000006ba900000, 0x0000000782900000)
  object space 832512K, 79% used [0x0000000687c00000,0x00000006b061d020,0x00000006ba900000)
 PSPermGen       total 28672K, used 21785K [0x000000067d600000, 0x000000067f200000, 0x0000000687c00000)
  object space 28672K, 75% used [0x000000067d600000,0x000000067eb465c0,0x000000067f200000)
}
Event: 14.396 GC heap before
{Heap before GC invocations=13 (full 2):
 PSYoungGen      total 831488K, used 708018K [0x0000000782900000, 0x00000007cf800000, 0x0000000800000000)
  eden space 435712K, 100% used [0x0000000782900000,0x000000079d280000,0x000000079d280000)
  from space 395776K, 68% used [0x00000007b6200000,0x00000007c6becb00,0x00000007ce480000)
  to   space 409088K, 0% used [0x000000079d280000,0x000000079d280000,0x00000007b6200000)
 ParOldGen       total 832512K, used 665716K [0x0000000687c00000, 0x00000006ba900000, 0x0000000782900000)
  object space 832512K, 79% used [0x0000000687c00000,0x00000006b061d020,0x00000006ba900000)
 PSPermGen       total 28672K, used 21865K [0x000000067d600000, 0x000000067f200000, 0x0000000687c00000)
  object space 28672K, 76% used [0x000000067d600000,0x000000067eb5a7c0,0x000000067f200000)
Event: 15.647 GC heap after
Heap after GC invocations=13 (full 2):
 PSYoungGen      total 844800K, used 88936K [0x0000000782900000, 0x00000007d9800000, 0x0000000800000000)
  eden space 435712K, 0% used [0x0000000782900000,0x0000000782900000,0x000000079d280000)
  from space 409088K, 21% used [0x000000079d280000,0x00000007a295a378,0x00000007b6200000)
  to   space 403456K, 0% used [0x00000007c0e00000,0x00000007c0e00000,0x00000007d9800000)
 ParOldGen       total 860160K, used 853708K [0x0000000687c00000, 0x00000006bc400000, 0x0000000782900000)
  object space 860160K, 99% used [0x0000000687c00000,0x00000006bbdb3050,0x00000006bc400000)
 PSPermGen       total 28672K, used 21865K [0x000000067d600000, 0x000000067f200000, 0x0000000687c00000)
  object space 28672K, 76% used [0x000000067d600000,0x000000067eb5a7c0,0x000000067f200000)
}
Event: 15.647 GC heap before
{Heap before GC invocations=14 (full 3):
 PSYoungGen      total 844800K, used 88936K [0x0000000782900000, 0x00000007d9800000, 0x0000000800000000)
  eden space 435712K, 0% used [0x0000000782900000,0x0000000782900000,0x000000079d280000)
  from space 409088K, 21% used [0x000000079d280000,0x00000007a295a378,0x00000007b6200000)
  to   space 403456K, 0% used [0x00000007c0e00000,0x00000007c0e00000,0x00000007d9800000)
 ParOldGen       total 860160K, used 853708K [0x0000000687c00000, 0x00000006bc400000, 0x0000000782900000)
  object space 860160K, 99% used [0x0000000687c00000,0x00000006bbdb3050,0x00000006bc400000)
 PSPermGen       total 28672K, used 21865K [0x000000067d600000, 0x000000067f200000, 0x0000000687c00000)
  object space 28672K, 76% used [0x000000067d600000,0x000000067eb5a7c0,0x000000067f200000)

